0 info it worked if it ends with ok
1 verbose cli [ '/usr/bin/nodejs', '/usr/bin/npm', 'install' ]
2 info using npm@1.3.10
3 info using node@v0.10.25
4 verbose readDependencies using package.json deps
5 verbose install where, deps [ '/home/fadzi/tools/nodecellar',
5 verbose install   [ 'express', 'mongodb', 'mongoskin', 'socket.io' ] ]
6 info preinstall wine-cellar@0.0.1
7 verbose readDependencies using package.json deps
8 verbose already installed skipping express@4.x /home/fadzi/tools/nodecellar
9 verbose already installed skipping mongodb@2.0.25 /home/fadzi/tools/nodecellar
10 verbose already installed skipping socket.io@1.3.5 /home/fadzi/tools/nodecellar
11 verbose already installed skipping mongoskin@^1.4.13 /home/fadzi/tools/nodecellar
12 silly resolved []
13 info build /home/fadzi/tools/nodecellar
14 verbose linkStuff [ false, false, false, '/home/fadzi/tools' ]
15 info linkStuff wine-cellar@0.0.1
16 verbose linkBins wine-cellar@0.0.1
17 verbose linkMans wine-cellar@0.0.1
18 verbose rebuildBundles wine-cellar@0.0.1
19 verbose rebuildBundles [ 'body-parser',
19 verbose rebuildBundles   'express',
19 verbose rebuildBundles   'mongodb',
19 verbose rebuildBundles   'mongodb-uri',
19 verbose rebuildBundles   'mongoskin',
19 verbose rebuildBundles   'socket.io' ]
20 verbose rebuild bundle /home/fadzi/tools/nodecellar/node_modules/body-parser
21 info build /home/fadzi/tools/nodecellar/node_modules/body-parser
22 info preinstall body-parser@1.12.2
23 verbose linkStuff [ false,
23 verbose linkStuff   false,
23 verbose linkStuff   false,
23 verbose linkStuff   '/home/fadzi/tools/nodecellar/node_modules' ]
24 info linkStuff body-parser@1.12.2
25 verbose linkBins body-parser@1.12.2
26 verbose linkMans body-parser@1.12.2
27 verbose rebuildBundles body-parser@1.12.2
28 verbose rebuildBundles [ 'bytes',
28 verbose rebuildBundles   'content-type',
28 verbose rebuildBundles   'debug',
28 verbose rebuildBundles   'depd',
28 verbose rebuildBundles   'iconv-lite',
28 verbose rebuildBundles   'on-finished',
28 verbose rebuildBundles   'qs',
28 verbose rebuildBundles   'raw-body',
28 verbose rebuildBundles   'type-is' ]
29 info install body-parser@1.12.2
30 info postinstall body-parser@1.12.2
31 verbose rebuild bundle /home/fadzi/tools/nodecellar/node_modules/mongodb-uri
32 info build /home/fadzi/tools/nodecellar/node_modules/mongodb-uri
33 info preinstall mongodb-uri@0.9.7
34 verbose linkStuff [ false,
34 verbose linkStuff   false,
34 verbose linkStuff   false,
34 verbose linkStuff   '/home/fadzi/tools/nodecellar/node_modules' ]
35 info linkStuff mongodb-uri@0.9.7
36 verbose linkBins mongodb-uri@0.9.7
37 verbose linkMans mongodb-uri@0.9.7
38 verbose rebuildBundles mongodb-uri@0.9.7
39 info install mongodb-uri@0.9.7
40 info postinstall mongodb-uri@0.9.7
41 info install wine-cellar@0.0.1
42 info postinstall wine-cellar@0.0.1
43 info prepublish wine-cellar@0.0.1
44 error peerinvalid The package mongodb does not satisfy its siblings' peerDependencies requirements!
44 error peerinvalid Peer mongoskin@1.4.13 wants mongodb@~1.4
45 error System Linux 3.13.0-37-generic
46 error command "/usr/bin/nodejs" "/usr/bin/npm" "install"
47 error cwd /home/fadzi/tools/nodecellar
48 error node -v v0.10.25
49 error npm -v 1.3.10
50 error code EPEERINVALID
51 verbose exit [ 1, true ]
